SF:lib\src\atoms\atom.dart
DA:20,5
DA:25,10
DA:28,9
DA:31,3
DA:33,6
LF:5
LH:5
end_of_record
SF:lib\src\listener\listener_mixin.dart
DA:18,4
DA:25,4
DA:27,16
DA:28,4
DA:29,4
DA:30,4
DA:31,4
DA:39,4
DA:40,8
DA:41,4
DA:44,3
DA:47,9
DA:48,3
DA:50,6
DA:51,3
LF:15
LH:15
end_of_record
SF:lib\src\atoms\action_atom.dart
DA:11,9
DA:22,3
DA:23,6
DA:33,1
DA:35,1
DA:37,2
LF:6
LH:6
end_of_record
SF:lib\src\atoms\event_atom.dart
DA:11,3
DA:22,1
DA:23,2
DA:33,1
DA:35,1
DA:37,2
LF:6
LH:6
end_of_record
SF:lib\src\atoms\state_atom.dart
DA:11,9
DA:13,6
DA:25,3
DA:26,6
DA:27,3
DA:31,4
LF:6
LH:6
end_of_record
SF:lib\src\listener\listener_modifier.dart
DA:17,10
DA:20,5
DA:21,10
DA:24,1
DA:25,2
DA:28,1
DA:29,2
DA:32,1
DA:33,2
DA:36,4
DA:37,12
DA:40,1
DA:41,2
DA:44,1
DA:45,3
LF:15
LH:15
end_of_record
SF:lib\src\molecules\molecule.dart
DA:13,1
DA:18,2
DA:19,1
DA:25,1
DA:35,1
DA:37,2
DA:38,1
LF:7
LH:7
end_of_record
SF:lib\src\bonds\multi_bonds.dart
DA:16,1
DA:32,1
DA:33,4
DA:34,1
DA:35,6
DA:37,4
DA:40,1
DA:42,1
DA:43,1
DA:45,1
DA:46,2
DA:62,1
DA:82,1
DA:83,1
DA:90,1
DA:91,3
DA:92,2
DA:93,2
DA:94,7
DA:96,4
DA:99,1
DA:100,3
DA:103,1
DA:105,1
DA:106,4
DA:109,1
DA:111,2
DA:112,1
DA:115,1
DA:117,2
DA:135,0
DA:159,0
DA:161,0
DA:162,0
DA:163,0
DA:164,0
DA:165,0
DA:166,0
DA:167,0
DA:168,0
LF:40
LH:30
end_of_record
SF:lib\src\bonds\single_bonds.dart
DA:11,1
DA:23,1
DA:25,1
DA:26,2
DA:27,2
DA:28,1
DA:29,1
DA:31,2
DA:43,1
DA:59,1
DA:60,1
DA:64,1
DA:66,1
DA:67,5
DA:70,1
DA:72,5
DA:73,1
DA:76,1
DA:78,2
DA:89,1
DA:109,1
DA:111,1
DA:112,1
DA:113,1
DA:114,1
DA:115,1
DA:116,1
LF:27
LH:27
end_of_record
SF:lib\src\listener\listener_mapper.dart
DA:8,4
DA:11,4
DA:12,4
DA:14,4
DA:16,4
DA:20,8
DA:24,4
DA:25,4
LF:8
LH:8
end_of_record
