SF:lib/src/listener/listener_mixin.dart
DA:18,4
DA:25,4
DA:27,16
DA:28,4
DA:29,4
DA:30,4
DA:31,4
DA:39,4
DA:40,8
DA:41,4
DA:44,3
DA:47,9
DA:48,3
DA:50,6
DA:51,3
LF:15
LH:15
end_of_record
SF:lib/src/atoms/atom.dart
DA:20,4
DA:25,8
DA:28,9
DA:31,3
DA:33,6
LF:5
LH:5
end_of_record
SF:lib/src/atoms/action_atom.dart
DA:11,6
DA:22,2
DA:23,4
DA:33,1
DA:35,1
DA:37,2
LF:6
LH:6
end_of_record
SF:lib/src/atoms/event_atom.dart
DA:11,3
DA:22,1
DA:23,2
DA:33,1
DA:35,1
DA:37,2
LF:6
LH:6
end_of_record
SF:lib/src/atoms/state_atom.dart
DA:11,6
DA:13,4
DA:25,2
DA:26,4
DA:27,2
DA:31,4
LF:6
LH:6
end_of_record
SF:lib/src/listener/listener_modifier.dart
DA:17,8
DA:20,4
DA:21,8
DA:24,0
DA:25,0
DA:28,0
DA:29,0
DA:32,0
DA:33,0
DA:36,3
DA:37,9
DA:40,0
DA:41,0
DA:44,0
DA:45,0
LF:15
LH:5
end_of_record
SF:lib/src/molecules/molecule.dart
DA:13,0
DA:18,0
DA:19,0
DA:25,0
DA:35,0
DA:37,0
DA:38,0
LF:7
LH:0
end_of_record
SF:lib/src/bonds/multi_bonds.dart
DA:16,0
DA:32,0
DA:33,0
DA:34,0
DA:35,0
DA:37,0
DA:40,0
DA:42,0
DA:43,0
DA:45,0
DA:46,0
DA:47,0
DA:63,0
DA:83,0
DA:84,0
DA:89,0
DA:91,0
DA:92,0
DA:93,0
DA:98,0
DA:100,0
DA:101,0
DA:104,0
DA:106,0
DA:107,0
DA:110,0
DA:112,0
DA:131,0
DA:155,0
DA:157,0
DA:158,0
DA:159,0
DA:160,0
DA:161,0
DA:162,0
DA:163,0
DA:164,0
LF:37
LH:0
end_of_record
SF:lib/src/bonds/single_bonds.dart
DA:11,1
DA:23,1
DA:25,1
DA:26,2
DA:27,2
DA:28,1
DA:29,1
DA:31,2
DA:43,1
DA:59,1
DA:60,1
DA:64,1
DA:66,1
DA:67,5
DA:70,1
DA:72,5
DA:73,1
DA:76,1
DA:78,2
DA:89,1
DA:109,1
DA:111,1
DA:112,1
DA:113,1
DA:114,1
DA:115,1
DA:116,1
LF:27
LH:27
end_of_record
SF:lib/src/listener/listener_mapper.dart
DA:8,4
DA:11,4
DA:12,4
DA:14,4
DA:16,4
DA:20,8
DA:24,4
DA:25,4
LF:8
LH:8
end_of_record
